[2021-03-15 15:34:39,857] I kiwoom.py | Kiwoom-__init__-0019 I DEBUG    > Kiwoom() class start.
[2021-03-15 15:34:45,544] I kiwoom.py | Kiwoom-login_slot-0111 I DEBUG    > 정상처리
[2021-03-15 15:34:45,545] I kiwoom.py | Kiwoom-get_account_info-0122 I DEBUG    > 계좌번호 : 8161822011
[2021-03-15 15:34:45,649] I kiwoom.py | Kiwoom-msg_slot-0734 I DEBUG    > 스크린: 2000, 요청이름: 예수금상세현황요청, tr코드: opw00001 --- [00Z310] 모의투자 조회가 완료되었습니다
[2021-03-15 15:34:45,651] I kiwoom.py | Kiwoom-trdata_slot-0164 I DEBUG    > 예수금 : 5000000
[2021-03-15 15:34:45,825] I kiwoom.py | Kiwoom-msg_slot-0734 I DEBUG    > 스크린: 2000, 요청이름: 계좌평가잔고내역요청, tr코드: opw00018 --- [00Z310] 모의투자 조회가 완료되었습니다
[2021-03-15 15:34:45,827] I kiwoom.py | Kiwoom-trdata_slot-0178 I DEBUG    > 계좌평가잔고내역요청 싱글데이터 : 000000000000000 - 000000000000000 - 000000000.00
[2021-03-15 15:34:45,827] I kiwoom.py | Kiwoom-trdata_slot-0217 I DEBUG    > sPreNext : 
[2021-03-15 15:34:45,827] I kiwoom.py | Kiwoom-trdata_slot-0218 I DEBUG    > 계좌에 가지고 있는 종목은 0 
[2021-03-15 15:34:50,823] I kiwoom.py | Kiwoom-not_concluded_account-0143 I DEBUG    > 미체결 종목 요청
[2021-03-15 15:34:50,900] I kiwoom.py | Kiwoom-msg_slot-0734 I DEBUG    > 스크린: , 요청이름: , tr코드:  ---  조회가 완료되었습니다.
[2021-03-15 15:34:55,829] I kiwoom.py | Kiwoom-screen_number_setting-0475 I DEBUG    > {}
[2021-03-15 15:36:01,689] I kiwoom.py | Kiwoom-__init__-0019 I DEBUG    > Kiwoom() class start.
[2021-03-15 15:36:06,932] I kiwoom.py | Kiwoom-login_slot-0111 I DEBUG    > 정상처리
[2021-03-15 15:36:06,932] I kiwoom.py | Kiwoom-get_account_info-0122 I DEBUG    > 계좌번호 : 8161822011
[2021-03-15 15:36:07,054] I kiwoom.py | Kiwoom-msg_slot-0734 I DEBUG    > 스크린: 2000, 요청이름: 예수금상세현황요청, tr코드: opw00001 --- [00Z310] 모의투자 조회가 완료되었습니다
[2021-03-15 15:36:07,056] I kiwoom.py | Kiwoom-trdata_slot-0164 I DEBUG    > 예수금 : 5000000
[2021-03-15 15:36:07,222] I kiwoom.py | Kiwoom-msg_slot-0734 I DEBUG    > 스크린: 2000, 요청이름: 계좌평가잔고내역요청, tr코드: opw00018 --- [00Z310] 모의투자 조회가 완료되었습니다
[2021-03-15 15:36:07,224] I kiwoom.py | Kiwoom-trdata_slot-0178 I DEBUG    > 계좌평가잔고내역요청 싱글데이터 : 000000000000000 - 000000000000000 - 000000000.00
[2021-03-15 15:36:07,224] I kiwoom.py | Kiwoom-trdata_slot-0217 I DEBUG    > sPreNext : 
[2021-03-15 15:36:07,224] I kiwoom.py | Kiwoom-trdata_slot-0218 I DEBUG    > 계좌에 가지고 있는 종목은 0 
[2021-03-15 15:36:12,226] I kiwoom.py | Kiwoom-not_concluded_account-0143 I DEBUG    > 미체결 종목 요청
[2021-03-15 15:36:12,300] I kiwoom.py | Kiwoom-msg_slot-0734 I DEBUG    > 스크린: , 요청이름: , tr코드:  ---  조회가 완료되었습니다.
[2021-03-15 15:36:17,228] I kiwoom.py | Kiwoom-screen_number_setting-0475 I DEBUG    > {}
[2021-03-15 15:36:49,145] I kiwoom.py | Kiwoom-__init__-0019 I DEBUG    > Kiwoom() class start.
[2021-03-15 15:36:54,450] I kiwoom.py | Kiwoom-login_slot-0111 I DEBUG    > 정상처리
[2021-03-15 15:36:54,451] I kiwoom.py | Kiwoom-get_account_info-0122 I DEBUG    > 계좌번호 : 8161822011
[2021-03-15 15:36:54,533] I kiwoom.py | Kiwoom-msg_slot-0734 I DEBUG    > 스크린: 2000, 요청이름: 예수금상세현황요청, tr코드: opw00001 --- [00Z310] 모의투자 조회가 완료되었습니다
[2021-03-15 15:36:54,535] I kiwoom.py | Kiwoom-trdata_slot-0164 I DEBUG    > 예수금 : 5000000
[2021-03-15 15:36:54,712] I kiwoom.py | Kiwoom-msg_slot-0734 I DEBUG    > 스크린: 2000, 요청이름: 계좌평가잔고내역요청, tr코드: opw00018 --- [00Z310] 모의투자 조회가 완료되었습니다
[2021-03-15 15:36:54,714] I kiwoom.py | Kiwoom-trdata_slot-0178 I DEBUG    > 계좌평가잔고내역요청 싱글데이터 : 000000000000000 - 000000000000000 - 000000000.00
[2021-03-15 15:36:54,715] I kiwoom.py | Kiwoom-trdata_slot-0217 I DEBUG    > sPreNext : 
[2021-03-15 15:36:54,715] I kiwoom.py | Kiwoom-trdata_slot-0218 I DEBUG    > 계좌에 가지고 있는 종목은 0 
[2021-03-15 15:36:59,716] I kiwoom.py | Kiwoom-not_concluded_account-0143 I DEBUG    > 미체결 종목 요청
[2021-03-15 15:36:59,828] I kiwoom.py | Kiwoom-msg_slot-0734 I DEBUG    > 스크린: , 요청이름: , tr코드:  ---  조회가 완료되었습니다.
[2021-03-15 15:37:04,718] I kiwoom.py | Kiwoom-screen_number_setting-0475 I DEBUG    > {}
[2021-03-15 15:38:46,321] I kiwoom.py | Kiwoom-__init__-0019 I DEBUG    > Kiwoom() class start.
[2021-03-15 15:38:51,500] I kiwoom.py | Kiwoom-login_slot-0111 I DEBUG    > 정상처리
[2021-03-15 15:38:51,500] I kiwoom.py | Kiwoom-get_account_info-0122 I DEBUG    > 계좌번호 : 8161822011
[2021-03-15 15:38:51,572] I kiwoom.py | Kiwoom-msg_slot-0734 I DEBUG    > 스크린: 2000, 요청이름: 예수금상세현황요청, tr코드: opw00001 --- [00Z310] 모의투자 조회가 완료되었습니다
[2021-03-15 15:38:51,574] I kiwoom.py | Kiwoom-trdata_slot-0164 I DEBUG    > 예수금 : 5000000
[2021-03-15 15:38:51,761] I kiwoom.py | Kiwoom-msg_slot-0734 I DEBUG    > 스크린: 2000, 요청이름: 계좌평가잔고내역요청, tr코드: opw00018 --- [00Z310] 모의투자 조회가 완료되었습니다
[2021-03-15 15:38:51,763] I kiwoom.py | Kiwoom-trdata_slot-0178 I DEBUG    > 계좌평가잔고내역요청 싱글데이터 : 000000000000000 - 000000000000000 - 000000000.00
[2021-03-15 15:38:51,763] I kiwoom.py | Kiwoom-trdata_slot-0217 I DEBUG    > sPreNext : 
[2021-03-15 15:38:51,763] I kiwoom.py | Kiwoom-trdata_slot-0218 I DEBUG    > 계좌에 가지고 있는 종목은 0 
[2021-03-15 15:38:56,762] I kiwoom.py | Kiwoom-not_concluded_account-0143 I DEBUG    > 미체결 종목 요청
[2021-03-15 15:38:56,852] I kiwoom.py | Kiwoom-msg_slot-0734 I DEBUG    > 스크린: , 요청이름: , tr코드:  ---  조회가 완료되었습니다.
[2021-03-15 15:39:01,766] I kiwoom.py | Kiwoom-screen_number_setting-0475 I DEBUG    > {}
